<?xml version="1.0" encoding="UTF-8"?>
<testng-results skipped="0" failed="0" total="1" passed="1">
  <reporter-output>
  </reporter-output>
  <suite name="Default suite" duration-ms="4856" started-at="2020-09-11T14:51:56Z" finished-at="2020-09-11T14:52:01Z">
    <groups>
    </groups>
    <test name="Default test" duration-ms="4856" started-at="2020-09-11T14:51:56Z" finished-at="2020-09-11T14:52:01Z">
      <class name="com.api.testScripts.FetchAllPostsTest">
        <test-method status="PASS" signature="getData()[pri:0, instance:com.api.testScripts.FetchAllPostsTest@7ac7a4e4]" name="getData" duration-ms="4792" started-at="2020-09-11T20:21:56Z" finished-at="2020-09-11T20:22:01Z">
          <reporter-output>
          </reporter-output>
        </test-method> <!-- getData -->
      </class> <!-- com.api.testScripts.FetchAllPostsTest -->
    </test> <!-- Default test -->
  </suite> <!-- Default suite -->
</testng-results>
